<?xml version="1.0" encoding="UTF-8"?>
<!-- Generated by org.testng.reporters.JUnitReportReporter -->
<testsuite hostname="DESKTOP-K4N0KLF" failures="0" tests="6" name="org.example.runner.CucumberRunnerTests" time="47.280" errors="0" timestamp="2024-04-19T19:19:45 IST" skipped="0">
  <testcase classname="org.example.runner.CucumberRunnerTests" name="runScenario" time="6.615"/>
  <testcase classname="org.example.runner.CucumberRunnerTests" name="runScenario" time="7.427"/>
  <testcase classname="org.example.runner.CucumberRunnerTests" name="runScenario" time="8.557"/>
  <testcase classname="org.example.runner.CucumberRunnerTests" name="runScenario" time="8.602"/>
  <testcase classname="org.example.runner.CucumberRunnerTests" name="runScenario" time="6.553"/>
  <testcase classname="org.example.runner.CucumberRunnerTests" name="runScenario" time="9.526"/>
</testsuite> <!-- org.example.runner.CucumberRunnerTests -->
